build/app/intermediates/manifest_merge_blame_file/debug/manifest-merger-blame-debug-report.txt
1<?xml version="1.0" encoding="utf-8"?>
2<manifest xmlns:android="http://schemas.android.com/apk/res/android"
3    package="com.ngs.daily_activity"
4    android:versionCode="1"
5    android:versionName="1.0.0" >
6
7    <uses-sdk
8        android:minSdkVersion="16"
9        android:targetSdkVersion="28" />
10    <!--
11         Flutter needs it to communicate with the running application
12         to allow setting breakpoints, to provide hot reload, etc.
13    -->
14    <uses-permission android:name="android.permission.INTERNET" />
14-->src/main/AndroidManifest.xml:9:5-66
14-->src/main/AndroidManifest.xml:9:22-64
15    <uses-permission android:name="android.permission.USE_FINGERPRINT" />
15-->src/main/AndroidManifest.xml:10:5-73
15-->src/main/AndroidManifest.xml:10:22-71
16
17    <application
17-->src/main/AndroidManifest.xml:12:5-33:19
18        android:name="io.flutter.app.FlutterApplication"
18-->src/main/AndroidManifest.xml:13:9-57
19        android:appComponentFactory="androidx.core.app.CoreComponentFactory"
19-->[androidx.core:core:1.1.0-alpha03] AndroidManifest.xml:22:18-86
20        android:debuggable="true"
21        android:icon="@mipmap/ic_launcher"
21-->src/main/AndroidManifest.xml:15:9-43
22        android:label="Daily Activity" >
22-->src/main/AndroidManifest.xml:14:9-39
23        <activity
23-->src/main/AndroidManifest.xml:16:9-27:20
24            android:name="com.ngs.daily_activity.MainActivity"
24-->src/main/AndroidManifest.xml:17:13-41
25            android:configChanges="orientation|keyboardHidden|keyboard|screenSize|smallestScreenSize|locale|layoutDirection|fontScale|screenLayout|density|uiMode"
25-->src/main/AndroidManifest.xml:20:13-163
26            android:hardwareAccelerated="true"
26-->src/main/AndroidManifest.xml:21:13-47
27            android:launchMode="singleTop"
27-->src/main/AndroidManifest.xml:18:13-43
28            android:theme="@style/LaunchTheme"
28-->src/main/AndroidManifest.xml:19:13-47
29            android:windowSoftInputMode="adjustResize" >
29-->src/main/AndroidManifest.xml:22:13-55
30            <intent-filter>
30-->src/main/AndroidManifest.xml:23:13-26:29
31                <action android:name="android.intent.action.MAIN" />
31-->src/main/AndroidManifest.xml:24:17-68
31-->src/main/AndroidManifest.xml:24:25-66
32
33                <category android:name="android.intent.category.LAUNCHER" />
33-->src/main/AndroidManifest.xml:25:17-76
33-->src/main/AndroidManifest.xml:25:27-74
34            </intent-filter>
35        </activity>
36        <!--
37             Don't delete the meta-data below.
38             This is used by the Flutter tool to generate GeneratedPluginRegistrant.java
39        -->
40        <meta-data
40-->src/main/AndroidManifest.xml:30:9-32:33
41            android:name="flutterEmbedding"
41-->src/main/AndroidManifest.xml:31:13-44
42            android:value="2" />
42-->src/main/AndroidManifest.xml:32:13-30
43    </application>
44
45</manifest>